\BOOKMARK [0][-]{chapter.1}{\376\377\121\145\225\350\167\345\213\306}{}% 1
\BOOKMARK [1][-]{section.1.1}{\376\377\217\223\121\145\217\223\121\372}{chapter.1}% 2
\BOOKMARK [1][-]{section.1.2}{\376\377\150\007\121\306\124\175\124\015\172\172\225\364}{chapter.1}% 3
\BOOKMARK [1][-]{section.1.3}{\376\377\155\101\117\134\116\072\147\141\116\366}{chapter.1}% 4
\BOOKMARK [1][-]{section.1.4}{\376\377\127\372\147\054\121\205\177\156\174\173\127\213}{chapter.1}% 5
\BOOKMARK [1][-]{section.1.5}{\376\377\136\046\173\046\123\367\174\173\127\213\124\214\145\340\173\046\123\367\174\173\127\213}{chapter.1}% 6
\BOOKMARK [1][-]{section.1.6}{\376\377\174\173\127\213\217\154\143\142}{chapter.1}% 7
\BOOKMARK [1][-]{section.1.7}{\376\377\217\333\122\066}{chapter.1}% 8
\BOOKMARK [1][-]{section.1.8}{\376\377\217\154\116\111\136\217\122\027}{chapter.1}% 9
\BOOKMARK [1][-]{section.1.9}{\376\377\123\330\221\317}{chapter.1}% 10
\BOOKMARK [1][-]{section.1.10}{\376\377\123\330\221\317\130\360\146\016\124\214\133\232\116\111}{chapter.1}% 11
\BOOKMARK [1][-]{section.1.11}{\376\377\124\175\124\015\211\304\203\003}{chapter.1}% 12
\BOOKMARK [1][-]{section.1.12}{\376\377\124\015\133\127\166\204\117\134\165\050\127\337}{chapter.1}% 13
\BOOKMARK [1][-]{section.1.13}{\376\377\137\025\165\050}{chapter.1}% 14
\BOOKMARK [1][-]{section.1.14}{\376\377\143\007\224\210}{chapter.1}% 15
\BOOKMARK [1][-]{section.1.15}{\376\377\131\015\124\010\174\173\127\213\166\204\130\360\146\016}{chapter.1}% 16
\BOOKMARK [1][-]{section.1.16}{\376\377\000c\000o\000n\000s\000t\226\120\133\232\173\046}{chapter.1}% 17
\BOOKMARK [1][-]{section.1.17}{\376\377\174\173\127\213\131\004\164\006}{chapter.1}% 18
\BOOKMARK [1][-]{section.1.18}{\376\377\131\064\145\207\116\366}{chapter.1}% 19
\BOOKMARK [1][-]{section.1.19}{\376\377\124\175\124\015\172\172\225\364\000u\000s\000i\000n\000g}{chapter.1}% 20
\BOOKMARK [1][-]{section.1.20}{\376\377\145\160\176\304}{chapter.1}% 21
\BOOKMARK [1][-]{section.1.21}{\376\377\143\007\224\210\217\320\173\227}{chapter.1}% 22
\BOOKMARK [1][-]{section.1.22}{\376\377\116\016\145\347\116\343\170\001\166\204\143\245\123\343}{chapter.1}% 23
\BOOKMARK [1][-]{section.1.23}{\376\377\131\032\176\364\145\160\176\304}{chapter.1}% 24
\BOOKMARK [1][-]{section.1.24}{\376\377\145\160\176\304\122\053\124\015}{chapter.1}% 25
\BOOKMARK [0][-]{chapter.2}{\376\377\127\372\170\100\167\345\213\306}{}% 26
\BOOKMARK [1][-]{section.2.1}{\376\377\173\200\123\125\213\355\123\345}{chapter.2}% 27
\BOOKMARK [1][-]{section.2.2}{\376\377\147\141\116\366\213\355\123\345}{chapter.2}% 28
\BOOKMARK [0][-]{chapter.3}{\376\377\167\037\153\143\166\204\167\345\213\306}{}% 29
\BOOKMARK [0][-]{chapter.4}{\376\377\163\260\142\020\166\204\166\333\133\264}{}% 30
\BOOKMARK [1][-]{section.4.1}{\376\377\150\007\121\306\136\223\000S\000t\000r\000i\000n\000g}{chapter.4}% 31
\BOOKMARK [0][-]{chapter.5}{\376\377\226\276\125\103\166\204\232\250\131\064}{}% 32
\BOOKMARK [1][-]{section.5.1}{\376\377\142\020\124\130\217\320\173\227\173\046\166\204\221\315\217\175}{chapter.5}% 33
\BOOKMARK [1][-]{section.5.2}{\376\377\000O\000O\000P\151\202\217\360}{chapter.5}% 34
\BOOKMARK [1][-]{section.5.3}{\376\377\133\232\116\111\127\372\174\173\124\214\155\076\165\037\174\173}{chapter.5}% 35
\BOOKMARK [1][-]{section.5.4}{\376\377\155\076\165\037\174\173\147\204\220\040\121\375\145\160}{chapter.5}% 36
\BOOKMARK [1][-]{section.5.5}{\376\377\176\347\142\177\116\016\227\131\140\001\142\020\124\130}{chapter.5}% 37
\BOOKMARK [1][-]{section.5.6}{\376\377\155\076\165\037\174\173\166\204\130\360\146\016}{chapter.5}% 38
\BOOKMARK [1][-]{section.5.7}{\376\377\210\253\165\050\117\134\127\372\174\173\166\204\174\173}{chapter.5}% 39
\BOOKMARK [1][-]{section.5.8}{\376\377\226\062\153\142\176\347\142\177\166\204\123\321\165\037}{chapter.5}% 40
\BOOKMARK [1][-]{section.5.9}{\376\377\174\173\127\213\217\154\143\142\116\016\176\347\142\177}{chapter.5}% 41
\BOOKMARK [1][-]{section.5.10}{\376\377\206\132\121\375\145\160}{chapter.5}% 42
\BOOKMARK [1][-]{section.5.11}{\376\377\142\275\214\141\127\372\174\173}{chapter.5}% 43
\BOOKMARK [1][-]{section.5.12}{\376\377\213\277\225\356\143\247\122\066\116\016\176\347\142\177}{chapter.5}% 44
\BOOKMARK [0][-]{chapter.6}{\376\377\232\330\176\247\215\047}{}% 45
\BOOKMARK [0][-]{chapter.7}{\376\377\133\236\215\365\176\317\232\214}{}% 46
